"../../../../../../Users/Jadde/Documents/Unreal Projects/TestingGround/Content/Mannequin/Character/Mesh/UE4_Mannequin_Skeleton.uasset" 0
"../../../../../../Users/Jadde/Documents/Unreal Projects/TestingGround/Content/Anims/BossyEnemyAnimPack/Animations/RootMotion/Attacks/Boss_Attack_ChargedComboAttack_RM.uasset" 1
"../../../../../../Users/Jadde/Documents/Unreal Projects/TestingGround/Content/Anims/CloseCombat/Effects/SwordTrail/Textures/T_SwordTrail_N.uasset" 2
"../../../../../../Users/Jadde/Documents/Unreal Projects/TestingGround/Content/Anims/CloseCombat/Effects/SwordTrail/Textures/T_SwordTrail_Noise.uasset" 3
"../../../../../../Users/Jadde/Documents/Unreal Projects/TestingGround/Content/Anims/CloseCombat/Effects/SwordTrail/Materials/M_SwordTrail.uasset" 4
"../../../../../../Users/Jadde/Documents/Unreal Projects/TestingGround/Content/Anims/CloseCombat/Effects/SwordTrail/P_AnimTrail.uasset" 5
"../../../../../../Users/Jadde/Documents/Unreal Projects/TestingGround/Content/Anims/CloseCombat/Character/UE4Mannequin/Animations/Swordsman/Attack/A_SW_Combo.uasset" 6
"../../../../../../Users/Jadde/Documents/Unreal Projects/TestingGround/Content/Anims/CloseCombat/Character/UE4Mannequin/Animations/Swordsman/Movement/A_SW_Walk_B.uasset" 7
"../../../../../../Users/Jadde/Documents/Unreal Projects/TestingGround/Content/Anims/CloseCombat/Character/UE4Mannequin/Animations/Swordsman/Movement/A_SW_Walk_BL.uasset" 8
"../../../../../../Users/Jadde/Documents/Unreal Projects/TestingGround/Content/Anims/CloseCombat/Character/UE4Mannequin/Animations/Swordsman/Movement/A_SW_Walk_BR.uasset" 9
"../../../../../../Users/Jadde/Documents/Unreal Projects/TestingGround/Content/Anims/CloseCombat/Character/UE4Mannequin/Animations/Swordsman/Movement/A_SW_Walk_F.uasset" 10
"../../../../../../Users/Jadde/Documents/Unreal Projects/TestingGround/Content/Anims/CloseCombat/Character/UE4Mannequin/Animations/Swordsman/Movement/A_SW_Walk_FL.uasset" 11
"../../../../../../Users/Jadde/Documents/Unreal Projects/TestingGround/Content/Anims/CloseCombat/Character/UE4Mannequin/Animations/Swordsman/Movement/A_SW_Walk_FR.uasset" 12
"../../../../../../Users/Jadde/Documents/Unreal Projects/TestingGround/Content/Anims/CloseCombat/Character/UE4Mannequin/Animations/Swordsman/Movement/A_SW_Walk_L.uasset" 13
"../../../../../../Users/Jadde/Documents/Unreal Projects/TestingGround/Content/Anims/CloseCombat/Character/UE4Mannequin/Animations/Swordsman/Movement/A_SW_Walk_Player.uasset" 14
"../../../../../../Users/Jadde/Documents/Unreal Projects/TestingGround/Content/Anims/CloseCombat/Character/UE4Mannequin/Animations/Swordsman/Movement/A_SW_Walk_R.uasset" 15
"../../../../../../Users/Jadde/Documents/Unreal Projects/TestingGround/Content/Anims/CloseCombat/Character/UE4Mannequin/Animations/Swordsman/Movement/Unarmed/A_SW_Unarmed_Idle.uasset" 16
"../../../../../../Users/Jadde/Documents/Unreal Projects/TestingGround/Content/Anims/CloseCombat/Character/UE4Mannequin/Animations/Swordsman/Movement/Unarmed/A_SW_Unarmed_Run.uasset" 17
"../../../../../../Users/Jadde/Documents/Unreal Projects/TestingGround/Content/Anims/CloseCombat/Character/UE4Mannequin/Animations/Swordsman/Movement/Unarmed/A_SW_Unarmed_Walk.uasset" 18
"../../../../../../Users/Jadde/Documents/Unreal Projects/TestingGround/Content/Anims/CloseCombat/Character/UE4Mannequin/Animations/Swordsman/Throw/A_SW_Throw_BwdLeft.uasset" 19
"../../../../../../Users/Jadde/Documents/Unreal Projects/TestingGround/Content/Anims/CloseCombat/Character/UE4Mannequin/Animations/Swordsman/Throw/A_SW_Throw_BwdRight.uasset" 20
"../../../../../../Users/Jadde/Documents/Unreal Projects/TestingGround/Content/Anims/CloseCombat/Character/UE4Mannequin/Animations/Swordsman/Throw/A_SW_Throw_Fwd.uasset" 21
"../../../../../../Users/Jadde/Documents/Unreal Projects/TestingGround/Content/Anims/CloseCombat/Character/UE4Mannequin/Animations/Swordsman/Throw/A_SW_Throw_Left.uasset" 22
"../../../../../../Users/Jadde/Documents/Unreal Projects/TestingGround/Content/Anims/CloseCombat/Character/UE4Mannequin/Animations/Swordsman/Throw/A_SW_Throw_Right.uasset" 23
"../../../../../../Users/Jadde/Documents/Unreal Projects/TestingGround/Content/Anims/CloseCombat/Character/UE4Mannequin/Animations/Swordsman/Roll/A_SW_Roll_Backward.uasset" 24
"../../../../../../Users/Jadde/Documents/Unreal Projects/TestingGround/Content/Anims/CloseCombat/Character/UE4Mannequin/Animations/Swordsman/Roll/A_SW_Roll_Forward.uasset" 25
"../../../../../../Users/Jadde/Documents/Unreal Projects/TestingGround/Content/Anims/CloseCombat/Character/UE4Mannequin/Animations/Swordsman/Roll/A_SW_Roll_Left.uasset" 26
"../../../../../../Users/Jadde/Documents/Unreal Projects/TestingGround/Content/Anims/CloseCombat/Character/UE4Mannequin/Animations/Swordsman/Roll/A_SW_Roll_Right.uasset" 27
"../../../../../../Users/Jadde/Documents/Unreal Projects/TestingGround/Content/Anims/CloseCombat/Character/UE4Mannequin/Animations/Swordsman/Movement/A_SW_Idle.uasset" 28
"../../../../../../Users/Jadde/Documents/Unreal Projects/TestingGround/Content/Anims/CloseCombat/Character/UE4Mannequin/Animations/Swordsman/Movement/A_SW_RelaxWalk.uasset" 29
"../../../../../../Users/Jadde/Documents/Unreal Projects/TestingGround/Content/Anims/CloseCombat/Character/UE4Mannequin/Animations/Swordsman/Movement/A_SW_Run.uasset" 30
"../../../../../../Users/Jadde/Documents/Unreal Projects/TestingGround/Content/Anims/CloseCombat/Character/UE4Mannequin/Animations/Swordsman/Movement/Swordsman_IdleRun_1D.uasset" 31
"../../../../../../Users/Jadde/Documents/Unreal Projects/TestingGround/Content/Mannequin/Animations/ThirdPersonIdle.uasset" 32
"../../../../../../Users/Jadde/Documents/Unreal Projects/TestingGround/Content/Mannequin/Animations/ThirdPersonRun.uasset" 33
"../../../../../../Users/Jadde/Documents/Unreal Projects/TestingGround/Content/Mannequin/Animations/ThirdPersonWalk.uasset" 34
"../../../../../../Users/Jadde/Documents/Unreal Projects/TestingGround/Content/Mannequin/Animations/ThirdPerson_IdleRun_2D.uasset" 35
"../../../Engine/Content/EditorBlueprintResources/StandardMacros.uasset" 36
"../../../../../../Users/Jadde/Documents/Unreal Projects/TestingGround/Content/Interactibles/E_ItemType.uasset" 37
"../../../../../../Users/Jadde/Documents/Unreal Projects/TestingGround/Content/Interactibles/E_SlotType.uasset" 38
"../../../../../../Users/Jadde/Documents/Unreal Projects/TestingGround/Content/Interactibles/F_ItemInfo.uasset" 39
"../../../../../../Users/Jadde/Documents/Unreal Projects/TestingGround/Content/Interactibles/BPI_Interact.uasset" 40
"../../../../../../Users/Jadde/Documents/Unreal Projects/TestingGround/Content/Interactibles/BP_BaseItem.uasset" 41
"../../../../../../Users/Jadde/Documents/Unreal Projects/TestingGround/Content/Interactibles/Weapons/E_AttackType.uasset" 42
"../../../../../../Users/Jadde/Documents/Unreal Projects/TestingGround/Content/Interactibles/Weapons/F_WeaponInfo.uasset" 43
"../../../../../../Users/Jadde/Documents/Unreal Projects/TestingGround/Content/Interactibles/Weapons/BP_BaseWeapon.uasset" 44
"../../../../../../Users/Jadde/Documents/Unreal Projects/TestingGround/Content/Mannequin/Animations/ThirdPerson_AnimBP.uasset" 45
"../../../../../../Users/Jadde/Documents/Unreal Projects/TestingGround/Content/Anims/CloseCombat/Character/UE4Mannequin/Animations/Swordsman/Attack/A_SW_Attack_01.uasset" 46
"../../../../../../Users/Jadde/Documents/Unreal Projects/TestingGround/Content/Anims/CloseCombat/Character/UE4Mannequin/Animations/Swordsman/Attack/Combo1_Montage.uasset" 47
"../../../../../../Users/Jadde/Documents/Unreal Projects/TestingGround/Content/Anims/CloseCombat/Character/UE4Mannequin/Animations/Swordsman/Attack/A_SW_Attack_03.uasset" 48
"../../../../../../Users/Jadde/Documents/Unreal Projects/TestingGround/Content/Anims/CloseCombat/Character/UE4Mannequin/Animations/Swordsman/Attack/Combo2_Montage.uasset" 49
"../../../../../../Users/Jadde/Documents/Unreal Projects/TestingGround/Content/Anims/CloseCombat/Character/UE4Mannequin/Animations/Swordsman/Attack/A_SW_Attack_04.uasset" 50
"../../../../../../Users/Jadde/Documents/Unreal Projects/TestingGround/Content/Anims/CloseCombat/Character/UE4Mannequin/Animations/Swordsman/Attack/Combo3_Montage.uasset" 51
"../../../../../../Users/Jadde/Documents/Unreal Projects/TestingGround/Content/Anims/CloseCombat/Character/UE4Mannequin/Animations/Swordsman/Attack/A_SW_Attack_05.uasset" 52
"../../../../../../Users/Jadde/Documents/Unreal Projects/TestingGround/Content/Anims/CloseCombat/Character/UE4Mannequin/Animations/Swordsman/Attack/Combo4_Montage.uasset" 53
"../../../../../../Users/Jadde/Documents/Unreal Projects/TestingGround/Content/Anims/CloseCombat/Character/UE4Mannequin/Animations/Swordsman/Roll/RollBackwards_Montage.uasset" 54
"../../../../../../Users/Jadde/Documents/Unreal Projects/TestingGround/Content/Anims/CloseCombat/Character/UE4Mannequin/Animations/Swordsman/Roll/RollForward_Montage.uasset" 55
"../../../../../../Users/Jadde/Documents/Unreal Projects/TestingGround/Content/Anims/CloseCombat/Character/UE4Mannequin/Animations/Swordsman/Roll/RollLeft_Montage.uasset" 56
"../../../../../../Users/Jadde/Documents/Unreal Projects/TestingGround/Content/Anims/CloseCombat/Character/UE4Mannequin/Animations/Swordsman/Roll/RollRight_Montage.uasset" 57
"../../../../../../Users/Jadde/Documents/Unreal Projects/TestingGround/Content/Anims/TwoHandedSword_AnimsetPro/Animations/InPlace/2Handed_InPlace_EquipBack.uasset" 58
"../../../../../../Users/Jadde/Documents/Unreal Projects/TestingGround/Content/Anims/DrawSword.uasset" 59
"../../../../../../Users/Jadde/Documents/Unreal Projects/TestingGround/Content/Anims/TwoHandedSword_AnimsetPro/Animations/RootMotion/2Handed_UnequipBack_use.uasset" 60
"../../../../../../Users/Jadde/Documents/Unreal Projects/TestingGround/Content/Anims/SheathSword.uasset" 61
"../../../../../../Users/Jadde/Documents/Unreal Projects/TestingGround/Content/Interactibles/Armor/F_ArmorInfo.uasset" 62
"../../../../../../Users/Jadde/Documents/Unreal Projects/TestingGround/Content/Interactibles/Armor/BP_BaseArmor.uasset" 63
"../../../../../../Users/Jadde/Documents/Unreal Projects/TestingGround/Content/Interactibles/BPI_Inventory.uasset" 64
"../../../Engine/Content/Functions/Engine_MaterialFunctions02/Utility/BlendAngleCorrectedNormals.uasset" 65
"../../../Engine/Content/Functions/MaterialLayerFunctions/MatLayerBlend_NormalBlend.uasset" 66
"../../../Engine/Content/Functions/MaterialLayerFunctions/MatLayerBlend_Simple.uasset" 67
"../../../../../../Users/Jadde/Documents/Unreal Projects/TestingGround/Content/Mannequin/Character/Materials/MaterialLayers/T_ML_Rubber_Blue_01_D.uasset" 68
"../../../../../../Users/Jadde/Documents/Unreal Projects/TestingGround/Content/Mannequin/Character/Materials/MaterialLayers/T_ML_Rubber_Blue_01_N.uasset" 69
"../../../../../../Users/Jadde/Documents/Unreal Projects/TestingGround/Content/Mannequin/Character/Materials/MaterialLayers/ML_GlossyBlack_Latex_UE4.uasset" 70
"../../../../../../Users/Jadde/Documents/Unreal Projects/TestingGround/Content/Mannequin/Character/Materials/MaterialLayers/ML_Plastic_Shiny_Beige.uasset" 71
"../../../../../../Users/Jadde/Documents/Unreal Projects/TestingGround/Content/Mannequin/Character/Textures/UE4_LOGO_CARD.uasset" 72
"../../../../../../Users/Jadde/Documents/Unreal Projects/TestingGround/Content/Mannequin/Character/Materials/MaterialLayers/ML_Plastic_Shiny_Beige_LOGO.uasset" 73
"../../../../../../Users/Jadde/Documents/Unreal Projects/TestingGround/Content/Mannequin/Character/Materials/MaterialLayers/T_ML_Aluminum01.uasset" 74
"../../../../../../Users/Jadde/Documents/Unreal Projects/TestingGround/Content/Mannequin/Character/Materials/MaterialLayers/T_ML_Aluminum01_N.uasset" 75
"../../../../../../Users/Jadde/Documents/Unreal Projects/TestingGround/Content/Mannequin/Character/Materials/MaterialLayers/ML_SoftMetal_UE4.uasset" 76
"../../../../../../Users/Jadde/Documents/Unreal Projects/TestingGround/Content/Mannequin/Character/Textures/UE4_Mannequin__normals.uasset" 77
"../../../../../../Users/Jadde/Documents/Unreal Projects/TestingGround/Content/Mannequin/Character/Textures/UE4_Mannequin_MAT_MASKA.uasset" 78
"../../../../../../Users/Jadde/Documents/Unreal Projects/TestingGround/Content/Mannequin/Character/Materials/M_UE4Man_Body.uasset" 79
"../../../../../../Users/Jadde/Documents/Unreal Projects/TestingGround/Content/Mannequin/Character/Textures/UE4Man_Logo_N.uasset" 80
"../../../../../../Users/Jadde/Documents/Unreal Projects/TestingGround/Content/Mannequin/Character/Materials/M_UE4Man_ChestLogo.uasset" 81
"../../../../../../Users/Jadde/Documents/Unreal Projects/TestingGround/Content/Mannequin/Character/Mesh/SK_Mannequin_PhysicsAsset.uasset" 82
"../../../../../../Users/Jadde/Documents/Unreal Projects/TestingGround/Content/Mannequin/Character/Mesh/SK_Mannequin.uasset" 83
"../../../../../../Users/Jadde/Documents/Unreal Projects/TestingGround/Content/SceneCaptures/T_CharacterCapture.uasset" 84
"../../../../../../Users/Jadde/Documents/Unreal Projects/TestingGround/Content/SceneCaptures/BP_CharacterCapture.uasset" 85
"../../../../../../Users/Jadde/Documents/Unreal Projects/TestingGround/Content/Interactibles/BPI_RecorderCom.uasset" 86
"../../../../../../Users/Jadde/Documents/Unreal Projects/TestingGround/Content/Interactibles/F_InteratableVariables.uasset" 87
"../../../../../../Users/Jadde/Documents/Unreal Projects/TestingGround/Content/SceneCaptures/M_CharacterCapture.uasset" 88
"../../../../../../Users/Jadde/Documents/Unreal Projects/TestingGround/Content/UI/UI_EquipmentSlot.uasset" 89
"../../../../../../Users/Jadde/Documents/Unreal Projects/TestingGround/Content/UI/UI_Equipment.uasset" 90
"../../../../../../Users/Jadde/Documents/Unreal Projects/TestingGround/Content/UI/UI_InventoryItem.uasset" 91
"../../../../../../Users/Jadde/Documents/Unreal Projects/TestingGround/Content/UI/UI_Inventory.uasset" 92
"../../../../../../Users/Jadde/Documents/Unreal Projects/TestingGround/Content/Skills/E_Skills.uasset" 93
"../../../../../../Users/Jadde/Documents/Unreal Projects/TestingGround/Content/UI/UI_GameHUD.uasset" 94
"../../../../../../Users/Jadde/Documents/Unreal Projects/TestingGround/Content/UI/UI_SkillTree.uasset" 95
"../../../../../../Users/Jadde/Documents/Unreal Projects/TestingGround/Content/Characters/Player/CH_MyCharacter.uasset" 96
"../../../../../../Users/Jadde/Documents/Unreal Projects/TestingGround/Content/Interactibles/BP_BaseInteractible.uasset" 97
"../../../Engine/Content/Functions/Engine_MaterialFunctions01/Opacity/CameraDepthFade.uasset" 98
"../../../Engine/Content/EngineMaterials/T_Default_Material_Grid_M.uasset" 99
"../../../Engine/Content/EngineMaterials/T_Default_Material_Grid_N.uasset" 100
"../../../Engine/Content/EngineMaterials/WorldGridMaterial.uasset" 101
"../../../../../../Users/Jadde/Documents/Unreal Projects/TestingGround/Content/Geometry/Meshes/Meshes_OBJ_sword_WP.uasset" 102
"../../../../../../Users/Jadde/Documents/Unreal Projects/TestingGround/Content/Interactibles/Weapons/BP_Star.uasset" 103
"../../../../../../Users/Jadde/Documents/Unreal Projects/TestingGround/Content/ThirdPersonBP/Blueprints/ThirdPersonCharacter.uasset" 104
"../../../../../../Users/Jadde/Documents/Unreal Projects/TestingGround/Content/ThirdPersonBP/Blueprints/ThirdPersonGameMode.uasset" 105
"../../../Engine/Content/Animation/DefaultAnimCurveCompressionSettings.uasset" 106
"../../../Engine/Content/ArtTools/RenderToTexture/Meshes/S_1_Unit_Plane.uasset" 107
"../../../Engine/Content/EngineMaterials/DefaultMaterial.uasset" 108
"../../../Engine/Content/BasicShapes/Cone.uasset" 109
"../../../Engine/Content/BasicShapes/Plane.uasset" 110
"../../../Engine/Content/BasicShapes/Sphere.uasset" 111
"../../../Engine/Content/EditorLandscapeResources/DataLayer.uasset" 112
"../../../Engine/Content/EditorMaterials/MAT_Groups_Toggle.uasset" 113
"../../../Engine/Content/EditorMaterials/MAT_Groups_Visibility.uasset" 114
"../../../Engine/Content/EditorMaterials/PreviewShadowIndicator.uasset" 115
"../../../Engine/Content/EditorMaterials/PreviewShadowIndicatorMaterial.uasset" 116
"../../../Engine/Content/EditorMaterials/MatineeGroups/MAT_ColorTrack.uasset" 117
"../../../Engine/Content/EditorMaterials/MatineeGroups/MAT_Groups_Anim.uasset" 118
"../../../Engine/Content/EditorMaterials/MatineeGroups/MAT_Groups_AudioMaster.uasset" 119
"../../../Engine/Content/EditorMaterials/MatineeGroups/MAT_Groups_Director.uasset" 120
"../../../Engine/Content/EditorMaterials/MatineeGroups/MAT_Groups_Event.uasset" 121
"../../../Engine/Content/EditorMaterials/MatineeGroups/MAT_Groups_Fade.uasset" 122
"../../../Engine/Content/EditorMaterials/MatineeGroups/MAT_Groups_Float.uasset" 123
"../../../Engine/Content/EditorMaterials/MatineeGroups/MAT_Groups_Move.uasset" 124
"../../../Engine/Content/EditorMaterials/MatineeGroups/MAT_Groups_Slomo.uasset" 125
"../../../Engine/Content/EditorMaterials/MatineeGroups/MAT_Groups_Sound.uasset" 126
"../../../Engine/Content/EditorMaterials/MatineeGroups/MAT_Groups_Vector.uasset" 127
"../../../Engine/Content/EditorMaterials/ParticleSystems/PSysThumbnail_NoImage.uasset" 128
"../../../Engine/Content/EditorMaterials/ParticleSystems/PSysThumbnail_OOD.uasset" 129
"../../../Engine/Content/EditorMaterials/Camera/CineMat.uasset" 130
"../../../Engine/Content/EditorMaterials/Camera/MI_CineMat_Rig.uasset" 131
"../../../Engine/Content/EditorMeshes/Camera/SM_CraneRig_Arm.uasset" 132
"../../../Engine/Content/EditorMeshes/Camera/SM_CraneRig_Base.uasset" 133
"../../../Engine/Content/EditorMeshes/Camera/SM_CraneRig_Body.uasset" 134
"../../../Engine/Content/EditorMeshes/Camera/SM_CraneRig_Mount.uasset" 135
"../../../Engine/Content/EditorMeshes/Camera/SM_RailRig_Mount.uasset" 136
"../../../Engine/Content/EditorMeshes/Camera/SM_RailRig_Track.uasset" 137
"../../../Engine/Content/EditorResources/BSPVertex.uasset" 138
"../../../Engine/Content/EditorResources/EmptyActor.uasset" 139
"../../../Engine/Content/EditorResources/S_Actor.uasset" 140
"../../../Engine/Content/EditorResources/S_Note.uasset" 141
"../../../Engine/Content/EditorResources/S_Solver.uasset" 142
"../../../Engine/Content/EditorResources/S_Trigger.uasset" 143
"../../../Engine/Content/EditorResources/LightIcons/S_LightError.uasset" 144
"../../../Engine/Content/EditorResources/SequenceRecorder/Countdown.uasset" 145
"../../../Engine/Content/EditorResources/SequenceRecorder/RecordingIndicator.uasset" 146
"../../../Engine/Content/EditorSounds/Notifications/CompileFailed.uasset" 147
"../../../Engine/Content/EditorSounds/Notifications/CompileFailed_Cue.uasset" 148
"../../../Engine/Content/EditorSounds/Notifications/CompileSuccess.uasset" 149
"../../../Engine/Content/EditorSounds/Notifications/CompileStart_Cue.uasset" 150
"../../../Engine/Content/EditorSounds/Notifications/CompileSuccess_Cue.uasset" 151
"../../../Engine/Content/EngineDamageTypes/DmgTypeBP_Environmental.uasset" 152
"../../../Engine/Content/EngineDebugMaterials/DebugEditorMaterial.uasset" 153
"../../../Engine/Content/EngineDebugMaterials/DebugMeshMaterial.uasset" 154
"../../../Engine/Content/EngineDebugMaterials/M_SimpleTranslucent.uasset" 155
"../../../Engine/Content/Functions/Engine_MaterialFunctions02/Utility/CameraDirectionVector.uasset" 156
"../../../Engine/Content/EngineDebugMaterials/VolumeToRender.uasset" 157
"../../../Engine/Content/EngineDebugMaterials/M_VolumeRenderSphereTracePP.uasset" 158
"../../../Engine/Content/EngineDebugMaterials/WireframeMaterial.uasset" 159
"../../../Engine/Content/EngineFonts/Faces/DroidSansFallback.uasset" 160
"../../../Engine/Content/EngineFonts/Faces/RobotoBold.uasset" 161
"../../../Engine/Content/EngineFonts/Faces/RobotoBoldItalic.uasset" 162
"../../../Engine/Content/EngineFonts/Faces/RobotoItalic.uasset" 163
"../../../Engine/Content/EngineFonts/Faces/RobotoLight.uasset" 164
"../../../Engine/Content/EngineFonts/Faces/RobotoRegular.uasset" 165
"../../../Engine/Content/EngineFonts/Roboto.uasset" 166
"../../../Engine/Content/EngineMaterials/BaseFlattenDiffuseMap.uasset" 167
"../../../Engine/Content/EngineMaterials/BaseFlattenEmissiveMap.uasset" 168
"../../../Engine/Content/EngineMaterials/BaseFlattenGrayscaleMap.uasset" 169
"../../../Engine/Content/EngineMaterials/BaseFlattenNormalMap.uasset" 170
"../../../Engine/Content/EngineMaterials/BaseFlattenMaterial.uasset" 171
"../../../Engine/Content/EngineMaterials/BlueNoise.uasset" 172
"../../../Engine/Content/EngineMaterials/DefaultBloomKernel.uasset" 173
"../../../Engine/Content/EngineMaterials/DefaultBokeh.uasset" 174
"../../../Engine/Content/EngineMaterials/DefaultDiffuse.uasset" 175
"../../../Engine/Content/EngineMaterials/DefaultDeferredDecalMaterial.uasset" 176
"../../../Engine/Content/EngineMaterials/DefaultLightFunctionMaterial.uasset" 177
"../../../Engine/Content/EngineMaterials/DefaultPhysicalMaterial.uasset" 178
"../../../Engine/Content/Functions/Engine_MaterialFunctions02/Utility/BreakOutFloat2Components.uasset" 179
"../../../Engine/Content/EngineMaterials/DefaultPostProcessMaterial.uasset" 180
"../../../Engine/Content/EngineFonts/RobotoDistanceField.uasset" 181
"../../../Engine/Content/EngineMaterials/DefaultTextMaterialOpaque.uasset" 182
"../../../Engine/Content/EngineMaterials/DefaultVirtualTextureMaterial.uasset" 183
"../../../Engine/Content/EngineMaterials/DefaultWhiteGrid.uasset" 184
"../../../Engine/Content/EngineMaterials/DefaultWhiteGrid_Low.uasset" 185
"../../../Engine/Content/EngineMaterials/EmissiveMeshMaterial.uasset" 186
"../../../Engine/Content/EngineMaterials/GizmoMaterial.uasset" 187
"../../../Engine/Content/EngineMaterials/Good64x64TilingNoiseHighFreq.uasset" 188
"../../../Engine/Content/EngineMaterials/HairDefaultMaterial.uasset" 189
"../../../Engine/Content/EngineMaterials/MiniFont.uasset" 190
"../../../Engine/Content/EngineMaterials/InvalidLightmapSettings.uasset" 191
"../../../Engine/Content/EngineMaterials/M_InvalidLightmapSettings.uasset" 192
"../../../Engine/Content/Functions/Engine_MaterialFunctions02/WorldPositionOffset/CameraOffset.uasset" 193
"../../../Engine/Content/EngineMaterials/PhAT_JointLimitMaterial.uasset" 194
"../../../Engine/Content/EngineMaterials/PreintegratedSkinBRDF.uasset" 195
"../../../Engine/Content/EngineMaterials/RemoveSurfaceMaterial.uasset" 196
"../../../Engine/Content/EngineMaterials/WeightMapPlaceholderTexture.uasset" 197
"../../../Engine/Content/EngineResources/WhiteSquareTexture.uasset" 198
"../../../Engine/Content/EngineMaterials/Widget3DPassThrough.uasset" 199
"../../../Engine/Content/EngineMaterials/Widget3DPassThrough_Masked.uasset" 200
"../../../Engine/Content/EngineMaterials/Widget3DPassThrough_Opaque.uasset" 201
"../../../Engine/Content/EngineMaterials/Widget3DPassThrough_Masked_OneSided.uasset" 202
"../../../Engine/Content/EngineMaterials/Widget3DPassThrough_Opaque_OneSided.uasset" 203
"../../../Engine/Content/EngineMaterials/Widget3DPassThrough_Translucent.uasset" 204
"../../../Engine/Content/EngineMaterials/Widget3DPassThrough_Translucent_OneSided.uasset" 205
"../../../Engine/Content/EngineMeshes/Cylinder.uasset" 206
"../../../Engine/Content/EngineMeshes/Sphere.uasset" 207
"../../../Engine/Content/EngineResources/Black.uasset" 208
"../../../Engine/Content/EngineResources/DefaultTexture.uasset" 209
"../../../Engine/Content/EngineResources/DefaultTextureCube.uasset" 210
"../../../Engine/Content/EngineResources/DefaultVolumeTexture2D.uasset" 211
"../../../Engine/Content/EngineResources/DefaultVolumeTexture.uasset" 212
"../../../Engine/Content/EngineResources/GradientTexture0.uasset" 213
"../../../Engine/Content/EngineSounds/Master.uasset" 214
"../../../Engine/Content/Functions/Engine_MaterialFunctions01/Shading/ConvertFromDiffSpec.uasset" 215
"../../../Engine/Content/Functions/Engine_MaterialFunctions01/Shading/PowerToRoughness.uasset" 216
"../../../Engine/Content/Maps/Templates/Thumbnails/Default.uasset" 217
"../../../Engine/Content/Maps/Templates/Thumbnails/TimeOfDay.uasset" 218
"../../../Engine/Content/Maps/Templates/Thumbnails/VR-Basic.uasset" 219
"../../../Engine/Content/MobileResources/T_MobileControls_texture.uasset" 220
"../../../Engine/Content/MobileResources/T_MobileMenu2.uasset" 221
"../../../Engine/Content/MobileResources/HUD/AnalogHat.uasset" 222
"../../../Engine/Content/MobileResources/HUD/VirtualJoystick_Background.uasset" 223
"../../../Engine/Content/MobileResources/HUD/VirtualJoystick_Thumb.uasset" 224
"../../../Engine/Content/MobileResources/HUD/DefaultVirtualJoysticks.uasset" 225
"../../../Engine/Content/MobileResources/HUD/LeftVirtualJoystickOnly.uasset" 226
"../../../Engine/Content/MobileResources/HUD/MobileHUDButton1_off.uasset" 227
"../../../Engine/Content/MobileResources/HUD/MobileHUDButton1_on.uasset" 228
"../../../Engine/Content/MobileResources/HUD/MobileHUDButton2_off.uasset" 229
"../../../Engine/Content/MobileResources/HUD/MobileHUDButton2_on.uasset" 230
"../../../Engine/Content/MobileResources/HUD/MobileHUDButton3.uasset" 231
"../../../Engine/Content/MobileResources/HUD/MobileHUDButtonFire.uasset" 232
"../../../Engine/Content/MobileResources/HUD/MobileHUDDirectionPad.uasset" 233
"../../../Engine/Content/MobileResources/HUD/MobileHUDDirectionPad2.uasset" 234
"../../../Engine/Content/MobileResources/HUD/MobileHUDDirectionPad3.uasset" 235
"../../../Engine/Content/MobileResources/HUD/MobileHUDDirectionStick.uasset" 236
"../../../Engine/Content/MobileResources/HUD/T_Castle_ThumbstickInner.uasset" 237
"../../../Engine/Content/MobileResources/HUD/T_Castle_ThumbstickOutter.uasset" 238
"../../../Engine/Content/Tutorial/ContentIntroCurve.uasset" 239
"../../../Engine/Content/Tutorial/Basics/LevelEditorAttract.uasset" 240
"../../../Engine/Content/Tutorial/Basics/TutorialAssets/icon_tab_Levels_40x.uasset" 241
"../../../Engine/Content/Tutorial/Basics/LevelEditorOverview.uasset" 242
"../../../Engine/Content/Tutorial/BlueprintTutorials/TutorialAssets/Blueprint_64x.uasset" 243
"../../../Engine/Content/Tutorial/BlueprintTutorials/BlueprintEditorTutorial.uasset" 244
"../../../Engine/Content/Tutorial/BlueprintTutorials/LevelBlueprintEditorOverview.uasset" 245
"../../../Engine/Content/Tutorial/Installation/InstallingVisualStudioTutorial.uasset" 246
"../../../Engine/Content/VREditor/LaserPointer/VR_LaserPower_01.uasset" 247
"../../../Engine/Content/VREditor/TransformGizmo/TransformGizmoMaterial.uasset" 248
"../../../Engine/Content/VREditor/TransformGizmo/TranslucentTransformGizmoMaterial.uasset" 249
"../../../Engine/Content/VREditor/TransformGizmo/BoundingBoxCorner.uasset" 250
"../../../Engine/Content/VREditor/TransformGizmo/BoundingBoxEdge.uasset" 251
"../../../Engine/Content/VREditor/TransformGizmo/PlaneTranslationHandle.uasset" 252
"../../../Engine/Content/VREditor/TransformGizmo/Main.uasset" 253
"../../../Engine/Content/VREditor/TransformGizmo/Xray.uasset" 254
"../../../Engine/Content/VREditor/TransformGizmo/SM_Sequencer_Key.uasset" 255
"../../../Engine/Content/VREditor/TransformGizmo/SM_Sequencer_Node.uasset" 256
"../../Plugins/2D/Paper2D/Content/PlaceholderTextures/DummySpriteTexture.uasset" 257
"../../Plugins/2D/Paper2D/Content/DummySprite.uasset" 258
"../../Plugins/2D/Paper2D/Content/DefaultPaperTerrainMaterial.uasset" 259
"../../Plugins/2D/Paper2D/Content/DummySpriteTexture.uasset" 260
"../../Plugins/2D/Paper2D/Content/DefaultSpriteMaterial.uasset" 261
"../../Plugins/2D/Paper2D/Content/MaskedUnlitSpriteMaterial.uasset" 262
"../../Plugins/2D/Paper2D/Content/OpaqueUnlitSpriteMaterial.uasset" 263
"../../../Engine/Content/Functions/Engine_MaterialFunctions02/Utility/BreakOutFloat4Components.uasset" 264
"../../../Engine/Content/Functions/Engine_MaterialFunctions02/Utility/MakeFloat2.uasset" 265
"../../../Engine/Content/Functions/Engine_MaterialFunctions02/Utility/MakeFloat3.uasset" 266
"../../Plugins/Runtime/Oculus/OculusVR/Content/Materials/OculusMR_ChromaKey.uasset" 267
"../../Plugins/Runtime/Oculus/OculusVR/Content/Materials/OculusMR_ChromaKey_Lit.uasset" 268
"../../Plugins/Runtime/Oculus/OculusVR/Content/Materials/OculusMR_OpaqueColoredMaterial.uasset" 269
"../../Plugins/Runtime/Oculus/OculusVR/Content/Materials/OculusMR_WhiteMaterial.uasset" 270
"../../../../../../Users/Jadde/Documents/Unreal Projects/TestingGround/Content/Anims/BossyEnemyAnimPack/Animations/Boss_Idle.uasset" 271
"../../../../../../Users/Jadde/Documents/Unreal Projects/TestingGround/Content/Anims/BossyEnemyAnimPack/Animations/InPlace/Movement/Boss_Run_F_InP.uasset" 272
"../../../../../../Users/Jadde/Documents/Unreal Projects/TestingGround/Content/ThirdPersonBP/Boss/Boss_Blendspace1D.uasset" 273
"../../../../../../Users/Jadde/Documents/Unreal Projects/TestingGround/Content/ThirdPersonBP/Boss/Boss_ABP.uasset" 274
"../../../../../../Users/Jadde/Documents/Unreal Projects/TestingGround/Content/Anims/BossyEnemyAnimPack/Animations/RootMotion/Attacks/Boss_Attack_Uppercut_RM.uasset" 275
"../../../../../../Users/Jadde/Documents/Unreal Projects/TestingGround/Content/Anims/BossyEnemyAnimPack/Animations/RootMotion/Attacks/BB_Melee02_SwingDownUp.uasset" 276
"../../../../../../Users/Jadde/Documents/Unreal Projects/TestingGround/Content/Anims/BossyEnemyAnimPack/Animations/RootMotion/Attacks/Boss_Attack_SwingAndSlam_RM.uasset" 277
"../../../../../../Users/Jadde/Documents/Unreal Projects/TestingGround/Content/Anims/BossyEnemyAnimPack/Animations/RootMotion/Attacks/BB_Melee03_smallCombo.uasset" 278
"../../../../../../Users/Jadde/Documents/Unreal Projects/TestingGround/Content/Anims/BossyEnemyAnimPack/Animations/RootMotion/Attacks/Boss_Attack_Swing_RM.uasset" 279
"../../../../../../Users/Jadde/Documents/Unreal Projects/TestingGround/Content/Anims/BossyEnemyAnimPack/Animations/RootMotion/Attacks/BB_Melee1_swingright.uasset" 280
"../../../../../../Users/Jadde/Documents/Unreal Projects/TestingGround/Content/Anims/MCO_Mocap_Basics/Animation/Mobility_Pro/Root_Motion/MOB1_Crouch_Idle_V2.uasset" 281
"../../../../../../Users/Jadde/Documents/Unreal Projects/TestingGround/Content/Anims/MCO_Mocap_Basics/Animation/Mobility_Pro/Root_Motion/BB_Range_Crouch.uasset" 282
"../../../../../../Users/Jadde/Documents/Unreal Projects/TestingGround/Content/Anims/TwoHandedSword_AnimsetPro/Animations/InPlace/2Handed_InPlace_Taunt_8.uasset" 283
"../../../../../../Users/Jadde/Documents/Unreal Projects/TestingGround/Content/Anims/TwoHandedSword_AnimsetPro/Animations/InPlace/Entrance_BB.uasset" 284
"../../../../../../Users/Jadde/Documents/Unreal Projects/TestingGround/Content/Anims/TwoHandedSword_AnimsetPro/Animations/RootMotion/2Handed_Taunt_2.uasset" 285
"../../../../../../Users/Jadde/Documents/Unreal Projects/TestingGround/Content/Anims/TwoHandedSword_AnimsetPro/Animations/RootMotion/BB_Taunt.uasset" 286
"../../../Engine/Content/BasicShapes/BasicShapeMaterial.uasset" 287
"../../../../../../Users/Jadde/Documents/Unreal Projects/TestingGround/Content/Mannequin/Character/Materials/RedBoss.uasset" 288
"../../../../../../Users/Jadde/Documents/Unreal Projects/TestingGround/Content/UI/UI_BossHealth.uasset" 289
"../../../../../../Users/Jadde/Documents/Unreal Projects/TestingGround/Content/ThirdPersonBP/Boss/BossFight.uasset" 290
"../../../Engine/Content/EngineSky/C_Sky_Cloud_Color.uasset" 291
"../../../Engine/Content/EngineSky/C_Sky_Horizon_Color.uasset" 292
"../../../Engine/Content/EngineSky/C_Sky_Zenith_Color.uasset" 293
"../../../Engine/Content/EngineSky/T_Sky_Blue.uasset" 294
"../../../Engine/Content/EngineSky/T_Sky_Clouds_M.uasset" 295
"../../../Engine/Content/EngineSky/T_Sky_Stars.uasset" 296
"../../../Engine/Content/EngineSky/M_Sky_Panning_Clouds2.uasset" 297
"../../../Engine/Content/EngineSky/SM_SkySphere.uasset" 298
"../../../Engine/Content/EngineSky/BP_Sky_Sphere.uasset" 299
"../../../../../../Users/Jadde/Documents/Unreal Projects/TestingGround/Content/Anims/CloseCombat/Effects/Impacts/Textures/T_dust_cloud.uasset" 300
"../../../../../../Users/Jadde/Documents/Unreal Projects/TestingGround/Content/Geometry/Meshes/Armguard.uasset" 301
"../../../../../../Users/Jadde/Documents/Unreal Projects/TestingGround/Content/Interactibles/Armor/BP_ArmGuards.uasset" 302
"../../../../../../Users/Jadde/Documents/Unreal Projects/TestingGround/Content/Geometry/Meshes/Meshes_OBJ_helmet_ARM.uasset" 303
"../../../../../../Users/Jadde/Documents/Unreal Projects/TestingGround/Content/Interactibles/Armor/BP_Helmet.uasset" 304
"../../../../../../Users/Jadde/Documents/Unreal Projects/TestingGround/Content/Geometry/Meshes/Meshes_OBJ_shield_ARM.uasset" 305
"../../../../../../Users/Jadde/Documents/Unreal Projects/TestingGround/Content/Interactibles/Armor/BP_shield.uasset" 306
"../../../../../../Users/Jadde/Documents/Unreal Projects/TestingGround/Content/Geometry/Meshes/Meshes_OBJ_breastplate_ARM.uasset" 307
"../../../../../../Users/Jadde/Documents/Unreal Projects/TestingGround/Content/Interactibles/Armor/BP_TorsoArmor.uasset" 308
"../../../../../../Users/Jadde/Documents/Unreal Projects/TestingGround/Content/Geometry/Meshes/CubeMaterial.uasset" 309
"../../../../../../Users/Jadde/Documents/Unreal Projects/TestingGround/Content/Anims/CloseCombat/Effects/Impacts/Textures/T_SparkSingle.uasset" 310
"../../../../../../Users/Jadde/Documents/Unreal Projects/TestingGround/Content/Anims/CloseCombat/Effects/Impacts/Materials/M_Single_Master.uasset" 311
"../../../../../../Users/Jadde/Documents/Unreal Projects/TestingGround/Content/Anims/CloseCombat/Effects/Impacts/Textures/T_Smoke_SubUV.uasset" 312
"../../../../../../Users/Jadde/Documents/Unreal Projects/TestingGround/Content/Anims/CloseCombat/Effects/Impacts/Textures/T_Smoke_Tiled_D.uasset" 313
"../../../../../../Users/Jadde/Documents/Unreal Projects/TestingGround/Content/Anims/CloseCombat/Effects/Impacts/Materials/M_smoke_subUV.uasset" 314
"../../../../../../Users/Jadde/Documents/Unreal Projects/TestingGround/Content/Anims/CloseCombat/Effects/Impacts/Materials/M_WaterCloud.uasset" 315
"../../../../../../Users/Jadde/Documents/Unreal Projects/TestingGround/Content/Anims/CloseCombat/Effects/Impacts/Textures/T_Flare_02.uasset" 316
"../../../../../../Users/Jadde/Documents/Unreal Projects/TestingGround/Content/Anims/CloseCombat/Effects/Impacts/Textures/T_Flare_04.uasset" 317
"../../../../../../Users/Jadde/Documents/Unreal Projects/TestingGround/Content/Anims/CloseCombat/Effects/Impacts/Textures/T_Smoke_Tile_01.uasset" 318
"../../../../../../Users/Jadde/Documents/Unreal Projects/TestingGround/Content/Anims/CloseCombat/Effects/Impacts/Materials/M_Flare_Master.uasset" 319
"../../../../../../Users/Jadde/Documents/Unreal Projects/TestingGround/Content/Anims/CloseCombat/Effects/Impacts/Textures/T_Flare_03.uasset" 320
"../../../../../../Users/Jadde/Documents/Unreal Projects/TestingGround/Content/Anims/CloseCombat/Effects/Impacts/Materials/MI_MetalImpact_Flare.uasset" 321
"../../../../../../Users/Jadde/Documents/Unreal Projects/TestingGround/Content/Anims/CloseCombat/Effects/Impacts/P_Imp_Metal.uasset" 322
"../../../../../../Users/Jadde/Documents/Unreal Projects/TestingGround/Content/Interactibles/Weapons/BP_Katana.uasset" 323
"../../../../../../Users/Jadde/Documents/Unreal Projects/TestingGround/Content/ThirdPersonBP/Maps/ThirdPersonExampleMap_BuiltData.uasset" 324
"../../../../../../Users/Jadde/Documents/Unreal Projects/TestingGround/Content/Interactibles/M_HihglightMaterial.uasset" 325
"../../../../../../Users/Jadde/Documents/Unreal Projects/TestingGround/Content/Geometry/Meshes/1M_Cube.uasset" 326
"../../../../../../Users/Jadde/Documents/Unreal Projects/TestingGround/Content/Geometry/Meshes/1M_Cube_Chamfer.uasset" 327
"../../../../../../Users/Jadde/Documents/Unreal Projects/TestingGround/Content/Geometry/Meshes/TemplateFloor.uasset" 328
"../../../../../../Users/Jadde/Documents/Unreal Projects/TestingGround/Content/ThirdPerson/Meshes/RampMaterial.uasset" 329
"../../../../../../Users/Jadde/Documents/Unreal Projects/TestingGround/Content/ThirdPerson/Meshes/Bump_StaticMesh.uasset" 330
"../../../../../../Users/Jadde/Documents/Unreal Projects/TestingGround/Content/ThirdPerson/Meshes/LeftArm_StaticMesh.uasset" 331
"../../../../../../Users/Jadde/Documents/Unreal Projects/TestingGround/Content/ThirdPerson/Meshes/Linear_Stair_StaticMesh.uasset" 332
"../../../../../../Users/Jadde/Documents/Unreal Projects/TestingGround/Content/ThirdPerson/Meshes/Ramp_StaticMesh.uasset" 333
"../../../../../../Users/Jadde/Documents/Unreal Projects/TestingGround/Content/ThirdPerson/Meshes/RightArm_StaticMesh.uasset" 334
"../../../../../../Users/Jadde/Documents/Unreal Projects/TestingGround/Content/ThirdPersonBP/Maps/ThirdPersonExampleMap.umap" 335
"../../../Engine/Content/BasicShapes/Cube.uasset" 336
"../../../Engine/Content/BasicShapes/Cylinder.uasset" 337
"../../../../../../Users/Jadde/Documents/Unreal Projects/TestingGround/Content/SceneStat.uasset" 338
"../../../../../../Users/Jadde/Documents/Unreal Projects/TestingGround/Content/ThirdPersonBP/Maps/ThirdPersonExampleMap_2.umap" 339
"../../../Engine/Content/Maps/Entry_BuiltData.uasset" 340
"../../../Engine/Content/Maps/Entry.umap" 341
